{"/home/bugra/Documents/MiniProject/gdal3.js/src/allJsFunctions/application/gdal_location_info.js": {"path":"/home/bugra/Documents/MiniProject/gdal3.js/src/allJsFunctions/application/gdal_location_info.js","statementMap":{"0":{"start":{"line":22,"column":4},"end":{"line":93,"column":7}},"1":{"start":{"line":23,"column":24},"end":{"line":25,"column":9}},"2":{"start":{"line":27,"column":8},"end":{"line":27,"column":60}},"3":{"start":{"line":28,"column":24},"end":{"line":28,"column":72}},"4":{"start":{"line":29,"column":20},"end":{"line":32,"column":9}},"5":{"start":{"line":34,"column":26},"end":{"line":34,"column":66}},"6":{"start":{"line":35,"column":26},"end":{"line":35,"column":66}},"7":{"start":{"line":37,"column":27},"end":{"line":37,"column":58}},"8":{"start":{"line":38,"column":8},"end":{"line":38,"column":71}},"9":{"start":{"line":40,"column":27},"end":{"line":40,"column":58}},"10":{"start":{"line":41,"column":8},"end":{"line":41,"column":71}},"11":{"start":{"line":43,"column":24},"end":{"line":49,"column":9}},"12":{"start":{"line":50,"column":8},"end":{"line":52,"column":9}},"13":{"start":{"line":51,"column":12},"end":{"line":51,"column":64}},"14":{"start":{"line":53,"column":23},"end":{"line":53,"column":74}},"15":{"start":{"line":54,"column":23},"end":{"line":54,"column":74}},"16":{"start":{"line":56,"column":39},"end":{"line":58,"column":9}},"17":{"start":{"line":59,"column":8},"end":{"line":62,"column":10}},"18":{"start":{"line":64,"column":46},"end":{"line":66,"column":9}},"19":{"start":{"line":67,"column":43},"end":{"line":70,"column":9}},"20":{"start":{"line":71,"column":8},"end":{"line":73,"column":9}},"21":{"start":{"line":72,"column":12},"end":{"line":72,"column":60}},"22":{"start":{"line":74,"column":36},"end":{"line":77,"column":9}},"23":{"start":{"line":78,"column":23},"end":{"line":82,"column":9}},"24":{"start":{"line":83,"column":22},"end":{"line":87,"column":9}},"25":{"start":{"line":89,"column":8},"end":{"line":92,"column":11}}},"fnMap":{"0":{"name":"gdal_location_info","decl":{"start":{"line":21,"column":24},"end":{"line":21,"column":42}},"loc":{"start":{"line":21,"column":60},"end":{"line":94,"column":1}}},"1":{"name":"(anonymous_1)","decl":{"start":{"line":22,"column":23},"end":{"line":22,"column":24}},"loc":{"start":{"line":22,"column":44},"end":{"line":93,"column":5}}}},"branchMap":{"0":{"loc":{"start":{"line":50,"column":8},"end":{"line":52,"column":9}},"type":"if","locations":[{"start":{"line":50,"column":8},"end":{"line":52,"column":9}}]},"1":{"loc":{"start":{"line":71,"column":8},"end":{"line":73,"column":9}},"type":"if","locations":[{"start":{"line":71,"column":8},"end":{"line":73,"column":9}}]}},"s":{"0":1,"1":1,"2":1,"3":1,"4":1,"5":1,"6":1,"7":1,"8":1,"9":1,"10":1,"11":1,"12":1,"13":0,"14":1,"15":1,"16":1,"17":1,"18":1,"19":1,"20":1,"21":0,"22":1,"23":1,"24":1,"25":1},"f":{"0":1,"1":1},"b":{"0":[0],"1":[0]}}
,"/home/bugra/Documents/MiniProject/gdal3.js/src/allJsFunctions/application/gdal_rasterize.js": {"path":"/home/bugra/Documents/MiniProject/gdal3.js/src/allJsFunctions/application/gdal_rasterize.js","statementMap":{"0":{"start":{"line":32,"column":4},"end":{"line":69,"column":7}},"1":{"start":{"line":33,"column":23},"end":{"line":33,"column":42}},"2":{"start":{"line":34,"column":23},"end":{"line":34,"column":36}},"3":{"start":{"line":35,"column":8},"end":{"line":37,"column":11}},"4":{"start":{"line":36,"column":12},"end":{"line":36,"column":57}},"5":{"start":{"line":38,"column":27},"end":{"line":38,"column":82}},"6":{"start":{"line":40,"column":28},"end":{"line":40,"column":54}},"7":{"start":{"line":41,"column":18},"end":{"line":41,"column":23}},"8":{"start":{"line":42,"column":8},"end":{"line":46,"column":9}},"9":{"start":{"line":43,"column":31},"end":{"line":43,"column":51}},"10":{"start":{"line":44,"column":27},"end":{"line":44,"column":53}},"11":{"start":{"line":45,"column":12},"end":{"line":45,"column":47}},"12":{"start":{"line":45,"column":24},"end":{"line":45,"column":47}},"13":{"start":{"line":48,"column":32},"end":{"line":48,"column":75}},"14":{"start":{"line":49,"column":25},"end":{"line":49,"column":66}},"15":{"start":{"line":50,"column":27},"end":{"line":50,"column":105}},"16":{"start":{"line":51,"column":28},"end":{"line":51,"column":62}},"17":{"start":{"line":52,"column":8},"end":{"line":52,"column":59}},"18":{"start":{"line":53,"column":8},"end":{"line":53,"column":29}},"19":{"start":{"line":54,"column":8},"end":{"line":54,"column":44}},"20":{"start":{"line":56,"column":8},"end":{"line":68,"column":9}},"21":{"start":{"line":57,"column":26},"end":{"line":57,"column":40}},"22":{"start":{"line":58,"column":12},"end":{"line":58,"column":26}},"23":{"start":{"line":60,"column":12},"end":{"line":67,"column":15}},"24":{"start":{"line":63,"column":48},"end":{"line":66,"column":17}}},"fnMap":{"0":{"name":"gdal_rasterize","decl":{"start":{"line":31,"column":24},"end":{"line":31,"column":38}},"loc":{"start":{"line":31,"column":81},"end":{"line":70,"column":1}}},"1":{"name":"(anonymous_1)","decl":{"start":{"line":32,"column":23},"end":{"line":32,"column":24}},"loc":{"start":{"line":32,"column":44},"end":{"line":69,"column":5}}},"2":{"name":"(anonymous_2)","decl":{"start":{"line":35,"column":39},"end":{"line":35,"column":40}},"loc":{"start":{"line":35,"column":57},"end":{"line":37,"column":9}}},"3":{"name":"(anonymous_3)","decl":{"start":{"line":63,"column":37},"end":{"line":63,"column":38}},"loc":{"start":{"line":63,"column":48},"end":{"line":66,"column":17}}}},"branchMap":{"0":{"loc":{"start":{"line":31,"column":48},"end":{"line":31,"column":60}},"type":"default-arg","locations":[{"start":{"line":31,"column":58},"end":{"line":31,"column":60}}]},"1":{"loc":{"start":{"line":31,"column":62},"end":{"line":31,"column":79}},"type":"default-arg","locations":[{"start":{"line":31,"column":75},"end":{"line":31,"column":79}}]},"2":{"loc":{"start":{"line":42,"column":8},"end":{"line":46,"column":9}},"type":"if","locations":[{"start":{"line":42,"column":8},"end":{"line":46,"column":9}}]},"3":{"loc":{"start":{"line":45,"column":12},"end":{"line":45,"column":47}},"type":"if","locations":[{"start":{"line":45,"column":12},"end":{"line":45,"column":47}}]},"4":{"loc":{"start":{"line":48,"column":32},"end":{"line":48,"column":75}},"type":"binary-expr","locations":[{"start":{"line":48,"column":32},"end":{"line":48,"column":42}},{"start":{"line":48,"column":46},"end":{"line":48,"column":75}}]},"5":{"loc":{"start":{"line":56,"column":8},"end":{"line":68,"column":9}},"type":"if","locations":[{"start":{"line":56,"column":8},"end":{"line":68,"column":9}},{"start":{"line":59,"column":15},"end":{"line":68,"column":9}}]}},"s":{"0":3,"1":3,"2":3,"3":3,"4":1,"5":3,"6":3,"7":3,"8":3,"9":3,"10":3,"11":3,"12":3,"13":3,"14":3,"15":3,"16":3,"17":3,"18":3,"19":3,"20":3,"21":1,"22":1,"23":2,"24":2},"f":{"0":3,"1":3,"2":1,"3":2},"b":{"0":[0],"1":[3],"2":[3],"3":[3],"4":[3,3],"5":[1,2]}}
,"/home/bugra/Documents/MiniProject/gdal3.js/src/allJsFunctions/application/gdal_translate.js": {"path":"/home/bugra/Documents/MiniProject/gdal3.js/src/allJsFunctions/application/gdal_translate.js","statementMap":{"0":{"start":{"line":32,"column":4},"end":{"line":69,"column":7}},"1":{"start":{"line":33,"column":23},"end":{"line":33,"column":42}},"2":{"start":{"line":34,"column":23},"end":{"line":34,"column":36}},"3":{"start":{"line":35,"column":8},"end":{"line":37,"column":11}},"4":{"start":{"line":36,"column":12},"end":{"line":36,"column":57}},"5":{"start":{"line":38,"column":36},"end":{"line":38,"column":91}},"6":{"start":{"line":40,"column":28},"end":{"line":40,"column":54}},"7":{"start":{"line":41,"column":18},"end":{"line":41,"column":27}},"8":{"start":{"line":42,"column":8},"end":{"line":46,"column":9}},"9":{"start":{"line":43,"column":31},"end":{"line":43,"column":51}},"10":{"start":{"line":44,"column":27},"end":{"line":44,"column":53}},"11":{"start":{"line":45,"column":12},"end":{"line":45,"column":47}},"12":{"start":{"line":45,"column":24},"end":{"line":45,"column":47}},"13":{"start":{"line":48,"column":32},"end":{"line":48,"column":75}},"14":{"start":{"line":49,"column":25},"end":{"line":49,"column":66}},"15":{"start":{"line":50,"column":27},"end":{"line":50,"column":108}},"16":{"start":{"line":51,"column":28},"end":{"line":51,"column":62}},"17":{"start":{"line":52,"column":8},"end":{"line":52,"column":68}},"18":{"start":{"line":53,"column":8},"end":{"line":53,"column":29}},"19":{"start":{"line":54,"column":8},"end":{"line":54,"column":44}},"20":{"start":{"line":56,"column":8},"end":{"line":68,"column":9}},"21":{"start":{"line":57,"column":26},"end":{"line":57,"column":40}},"22":{"start":{"line":58,"column":12},"end":{"line":58,"column":26}},"23":{"start":{"line":60,"column":12},"end":{"line":67,"column":15}},"24":{"start":{"line":63,"column":48},"end":{"line":66,"column":17}}},"fnMap":{"0":{"name":"gdal_translate","decl":{"start":{"line":31,"column":24},"end":{"line":31,"column":38}},"loc":{"start":{"line":31,"column":81},"end":{"line":70,"column":1}}},"1":{"name":"(anonymous_1)","decl":{"start":{"line":32,"column":23},"end":{"line":32,"column":24}},"loc":{"start":{"line":32,"column":44},"end":{"line":69,"column":5}}},"2":{"name":"(anonymous_2)","decl":{"start":{"line":35,"column":39},"end":{"line":35,"column":40}},"loc":{"start":{"line":35,"column":57},"end":{"line":37,"column":9}}},"3":{"name":"(anonymous_3)","decl":{"start":{"line":63,"column":37},"end":{"line":63,"column":38}},"loc":{"start":{"line":63,"column":48},"end":{"line":66,"column":17}}}},"branchMap":{"0":{"loc":{"start":{"line":31,"column":48},"end":{"line":31,"column":60}},"type":"default-arg","locations":[{"start":{"line":31,"column":58},"end":{"line":31,"column":60}}]},"1":{"loc":{"start":{"line":31,"column":62},"end":{"line":31,"column":79}},"type":"default-arg","locations":[{"start":{"line":31,"column":75},"end":{"line":31,"column":79}}]},"2":{"loc":{"start":{"line":42,"column":8},"end":{"line":46,"column":9}},"type":"if","locations":[{"start":{"line":42,"column":8},"end":{"line":46,"column":9}}]},"3":{"loc":{"start":{"line":45,"column":12},"end":{"line":45,"column":47}},"type":"if","locations":[{"start":{"line":45,"column":12},"end":{"line":45,"column":47}}]},"4":{"loc":{"start":{"line":48,"column":32},"end":{"line":48,"column":75}},"type":"binary-expr","locations":[{"start":{"line":48,"column":32},"end":{"line":48,"column":42}},{"start":{"line":48,"column":46},"end":{"line":48,"column":75}}]},"5":{"loc":{"start":{"line":56,"column":8},"end":{"line":68,"column":9}},"type":"if","locations":[{"start":{"line":56,"column":8},"end":{"line":68,"column":9}},{"start":{"line":59,"column":15},"end":{"line":68,"column":9}}]}},"s":{"0":120,"1":120,"2":120,"3":120,"4":1,"5":120,"6":120,"7":120,"8":120,"9":119,"10":119,"11":119,"12":119,"13":120,"14":120,"15":120,"16":120,"17":120,"18":120,"19":120,"20":120,"21":1,"22":1,"23":119,"24":181},"f":{"0":120,"1":120,"2":1,"3":181},"b":{"0":[0],"1":[120],"2":[119],"3":[119],"4":[120,120],"5":[1,119]}}
,"/home/bugra/Documents/MiniProject/gdal3.js/src/allJsFunctions/application/gdalinfo.js": {"path":"/home/bugra/Documents/MiniProject/gdal3.js/src/allJsFunctions/application/gdalinfo.js","statementMap":{"0":{"start":{"line":24,"column":4},"end":{"line":42,"column":7}},"1":{"start":{"line":25,"column":23},"end":{"line":25,"column":56}},"2":{"start":{"line":26,"column":23},"end":{"line":26,"column":36}},"3":{"start":{"line":27,"column":8},"end":{"line":29,"column":11}},"4":{"start":{"line":28,"column":12},"end":{"line":28,"column":57}},"5":{"start":{"line":30,"column":35},"end":{"line":30,"column":85}},"6":{"start":{"line":32,"column":25},"end":{"line":32,"column":84}},"7":{"start":{"line":33,"column":8},"end":{"line":33,"column":62}},"8":{"start":{"line":34,"column":8},"end":{"line":34,"column":29}},"9":{"start":{"line":36,"column":8},"end":{"line":41,"column":9}},"10":{"start":{"line":37,"column":26},"end":{"line":37,"column":40}},"11":{"start":{"line":38,"column":12},"end":{"line":38,"column":26}},"12":{"start":{"line":40,"column":12},"end":{"line":40,"column":42}}},"fnMap":{"0":{"name":"gdalinfo","decl":{"start":{"line":23,"column":24},"end":{"line":23,"column":32}},"loc":{"start":{"line":23,"column":56},"end":{"line":43,"column":1}}},"1":{"name":"(anonymous_1)","decl":{"start":{"line":24,"column":23},"end":{"line":24,"column":24}},"loc":{"start":{"line":24,"column":44},"end":{"line":42,"column":5}}},"2":{"name":"(anonymous_2)","decl":{"start":{"line":27,"column":39},"end":{"line":27,"column":40}},"loc":{"start":{"line":27,"column":57},"end":{"line":29,"column":9}}}},"branchMap":{"0":{"loc":{"start":{"line":23,"column":42},"end":{"line":23,"column":54}},"type":"default-arg","locations":[{"start":{"line":23,"column":52},"end":{"line":23,"column":54}}]},"1":{"loc":{"start":{"line":36,"column":8},"end":{"line":41,"column":9}},"type":"if","locations":[{"start":{"line":36,"column":8},"end":{"line":41,"column":9}},{"start":{"line":39,"column":15},"end":{"line":41,"column":9}}]}},"s":{"0":607,"1":607,"2":607,"3":607,"4":0,"5":607,"6":607,"7":607,"8":607,"9":607,"10":0,"11":0,"12":607},"f":{"0":607,"1":607,"2":0},"b":{"0":[607],"1":[0,607]}}
,"/home/bugra/Documents/MiniProject/gdal3.js/src/allJsFunctions/application/gdaltransform.js": {"path":"/home/bugra/Documents/MiniProject/gdal3.js/src/allJsFunctions/application/gdaltransform.js","statementMap":{"0":{"start":{"line":29,"column":4},"end":{"line":119,"column":7}},"1":{"start":{"line":30,"column":24},"end":{"line":30,"column":65}},"2":{"start":{"line":30,"column":59},"end":{"line":30,"column":63}},"3":{"start":{"line":31,"column":24},"end":{"line":31,"column":65}},"4":{"start":{"line":31,"column":59},"end":{"line":31,"column":63}},"5":{"start":{"line":32,"column":24},"end":{"line":32,"column":70}},"6":{"start":{"line":32,"column":59},"end":{"line":32,"column":68}},"7":{"start":{"line":33,"column":29},"end":{"line":33,"column":101}},"8":{"start":{"line":34,"column":29},"end":{"line":34,"column":101}},"9":{"start":{"line":35,"column":29},"end":{"line":35,"column":101}},"10":{"start":{"line":36,"column":8},"end":{"line":36,"column":92}},"11":{"start":{"line":37,"column":8},"end":{"line":37,"column":92}},"12":{"start":{"line":38,"column":8},"end":{"line":38,"column":92}},"13":{"start":{"line":40,"column":23},"end":{"line":40,"column":28}},"14":{"start":{"line":41,"column":24},"end":{"line":41,"column":29}},"15":{"start":{"line":43,"column":25},"end":{"line":43,"column":27}},"16":{"start":{"line":44,"column":8},"end":{"line":83,"column":9}},"17":{"start":{"line":44,"column":21},"end":{"line":44,"column":22}},"18":{"start":{"line":45,"column":12},"end":{"line":82,"column":13}},"19":{"start":{"line":47,"column":20},"end":{"line":47,"column":27}},"20":{"start":{"line":48,"column":20},"end":{"line":48,"column":59}},"21":{"start":{"line":49,"column":20},"end":{"line":49,"column":26}},"22":{"start":{"line":51,"column":20},"end":{"line":51,"column":27}},"23":{"start":{"line":52,"column":20},"end":{"line":52,"column":59}},"24":{"start":{"line":53,"column":20},"end":{"line":53,"column":26}},"25":{"start":{"line":55,"column":20},"end":{"line":55,"column":27}},"26":{"start":{"line":56,"column":20},"end":{"line":56,"column":72}},"27":{"start":{"line":57,"column":20},"end":{"line":57,"column":26}},"28":{"start":{"line":59,"column":20},"end":{"line":59,"column":27}},"29":{"start":{"line":60,"column":20},"end":{"line":60,"column":65}},"30":{"start":{"line":61,"column":20},"end":{"line":61,"column":26}},"31":{"start":{"line":63,"column":20},"end":{"line":63,"column":52}},"32":{"start":{"line":64,"column":20},"end":{"line":64,"column":26}},"33":{"start":{"line":66,"column":20},"end":{"line":66,"column":48}},"34":{"start":{"line":67,"column":20},"end":{"line":67,"column":26}},"35":{"start":{"line":69,"column":20},"end":{"line":69,"column":57}},"36":{"start":{"line":70,"column":20},"end":{"line":70,"column":26}},"37":{"start":{"line":72,"column":20},"end":{"line":72,"column":36}},"38":{"start":{"line":73,"column":20},"end":{"line":73,"column":26}},"39":{"start":{"line":75,"column":20},"end":{"line":75,"column":27}},"40":{"start":{"line":76,"column":20},"end":{"line":76,"column":51}},"41":{"start":{"line":77,"column":20},"end":{"line":77,"column":26}},"42":{"start":{"line":79,"column":20},"end":{"line":79,"column":37}},"43":{"start":{"line":80,"column":20},"end":{"line":80,"column":26}},"44":{"start":{"line":85,"column":23},"end":{"line":85,"column":43}},"45":{"start":{"line":87,"column":30},"end":{"line":87,"column":100}},"46":{"start":{"line":88,"column":8},"end":{"line":90,"column":10}},"47":{"start":{"line":92,"column":32},"end":{"line":105,"column":9}},"48":{"start":{"line":107,"column":23},"end":{"line":107,"column":25}},"49":{"start":{"line":108,"column":8},"end":{"line":111,"column":9}},"50":{"start":{"line":108,"column":21},"end":{"line":108,"column":22}},"51":{"start":{"line":109,"column":12},"end":{"line":110,"column":100}},"52":{"start":{"line":109,"column":27},"end":{"line":109,"column":87}},"53":{"start":{"line":110,"column":17},"end":{"line":110,"column":100}},"54":{"start":{"line":112,"column":8},"end":{"line":112,"column":49}},"55":{"start":{"line":113,"column":8},"end":{"line":113,"column":49}},"56":{"start":{"line":114,"column":8},"end":{"line":114,"column":49}},"57":{"start":{"line":115,"column":8},"end":{"line":115,"column":29}},"58":{"start":{"line":116,"column":8},"end":{"line":116,"column":70}},"59":{"start":{"line":118,"column":8},"end":{"line":118,"column":24}}},"fnMap":{"0":{"name":"gdaltransform","decl":{"start":{"line":28,"column":24},"end":{"line":28,"column":37}},"loc":{"start":{"line":28,"column":55},"end":{"line":120,"column":1}}},"1":{"name":"(anonymous_1)","decl":{"start":{"line":29,"column":23},"end":{"line":29,"column":24}},"loc":{"start":{"line":29,"column":36},"end":{"line":119,"column":5}}},"2":{"name":"(anonymous_2)","decl":{"start":{"line":30,"column":52},"end":{"line":30,"column":53}},"loc":{"start":{"line":30,"column":59},"end":{"line":30,"column":63}}},"3":{"name":"(anonymous_3)","decl":{"start":{"line":31,"column":52},"end":{"line":31,"column":53}},"loc":{"start":{"line":31,"column":59},"end":{"line":31,"column":63}}},"4":{"name":"(anonymous_4)","decl":{"start":{"line":32,"column":52},"end":{"line":32,"column":53}},"loc":{"start":{"line":32,"column":59},"end":{"line":32,"column":68}}}},"branchMap":{"0":{"loc":{"start":{"line":32,"column":59},"end":{"line":32,"column":68}},"type":"binary-expr","locations":[{"start":{"line":32,"column":59},"end":{"line":32,"column":63}},{"start":{"line":32,"column":67},"end":{"line":32,"column":68}}]},"1":{"loc":{"start":{"line":45,"column":12},"end":{"line":82,"column":13}},"type":"switch","locations":[{"start":{"line":46,"column":16},"end":{"line":49,"column":26}},{"start":{"line":50,"column":16},"end":{"line":53,"column":26}},{"start":{"line":54,"column":16},"end":{"line":57,"column":26}},{"start":{"line":58,"column":16},"end":{"line":61,"column":26}},{"start":{"line":62,"column":16},"end":{"line":64,"column":26}},{"start":{"line":65,"column":16},"end":{"line":67,"column":26}},{"start":{"line":68,"column":16},"end":{"line":70,"column":26}},{"start":{"line":71,"column":16},"end":{"line":73,"column":26}},{"start":{"line":74,"column":16},"end":{"line":77,"column":26}},{"start":{"line":78,"column":16},"end":{"line":80,"column":26}},{"start":{"line":81,"column":16},"end":{"line":81,"column":24}}]},"2":{"loc":{"start":{"line":109,"column":12},"end":{"line":110,"column":100}},"type":"if","locations":[{"start":{"line":109,"column":12},"end":{"line":110,"column":100}},{"start":{"line":110,"column":17},"end":{"line":110,"column":100}}]}},"s":{"0":2,"1":2,"2":2,"3":2,"4":2,"5":2,"6":2,"7":2,"8":2,"9":2,"10":2,"11":2,"12":2,"13":2,"14":2,"15":2,"16":2,"17":2,"18":12,"19":2,"20":2,"21":2,"22":2,"23":2,"24":2,"25":1,"26":1,"27":1,"28":1,"29":1,"30":1,"31":1,"32":1,"33":1,"34":1,"35":1,"36":1,"37":1,"38":1,"39":1,"40":1,"41":1,"42":1,"43":1,"44":2,"45":2,"46":2,"47":2,"48":2,"49":2,"50":2,"51":2,"52":1,"53":1,"54":2,"55":2,"56":2,"57":2,"58":2,"59":2},"f":{"0":2,"1":2,"2":2,"3":2,"4":2},"b":{"0":[2,2],"1":[2,2,1,1,1,1,1,1,1,1,0],"2":[1,1]}}
,"/home/bugra/Documents/MiniProject/gdal3.js/src/allJsFunctions/application/gdalwarp.js": {"path":"/home/bugra/Documents/MiniProject/gdal3.js/src/allJsFunctions/application/gdalwarp.js","statementMap":{"0":{"start":{"line":33,"column":4},"end":{"line":73,"column":7}},"1":{"start":{"line":34,"column":23},"end":{"line":34,"column":42}},"2":{"start":{"line":35,"column":23},"end":{"line":35,"column":36}},"3":{"start":{"line":36,"column":8},"end":{"line":38,"column":11}},"4":{"start":{"line":37,"column":12},"end":{"line":37,"column":57}},"5":{"start":{"line":39,"column":36},"end":{"line":39,"column":89}},"6":{"start":{"line":41,"column":28},"end":{"line":41,"column":59}},"7":{"start":{"line":42,"column":8},"end":{"line":42,"column":73}},"8":{"start":{"line":44,"column":28},"end":{"line":44,"column":54}},"9":{"start":{"line":45,"column":18},"end":{"line":45,"column":27}},"10":{"start":{"line":46,"column":8},"end":{"line":50,"column":9}},"11":{"start":{"line":47,"column":31},"end":{"line":47,"column":51}},"12":{"start":{"line":48,"column":27},"end":{"line":48,"column":53}},"13":{"start":{"line":49,"column":12},"end":{"line":49,"column":47}},"14":{"start":{"line":49,"column":24},"end":{"line":49,"column":47}},"15":{"start":{"line":52,"column":32},"end":{"line":52,"column":75}},"16":{"start":{"line":53,"column":25},"end":{"line":53,"column":66}},"17":{"start":{"line":54,"column":27},"end":{"line":54,"column":108}},"18":{"start":{"line":55,"column":28},"end":{"line":55,"column":62}},"19":{"start":{"line":56,"column":8},"end":{"line":56,"column":66}},"20":{"start":{"line":57,"column":8},"end":{"line":57,"column":29}},"21":{"start":{"line":58,"column":8},"end":{"line":58,"column":44}},"22":{"start":{"line":60,"column":8},"end":{"line":72,"column":9}},"23":{"start":{"line":61,"column":26},"end":{"line":61,"column":40}},"24":{"start":{"line":62,"column":12},"end":{"line":62,"column":26}},"25":{"start":{"line":64,"column":12},"end":{"line":71,"column":15}},"26":{"start":{"line":67,"column":48},"end":{"line":70,"column":17}}},"fnMap":{"0":{"name":"gdalwarp","decl":{"start":{"line":32,"column":24},"end":{"line":32,"column":32}},"loc":{"start":{"line":32,"column":75},"end":{"line":74,"column":1}}},"1":{"name":"(anonymous_1)","decl":{"start":{"line":33,"column":23},"end":{"line":33,"column":24}},"loc":{"start":{"line":33,"column":44},"end":{"line":73,"column":5}}},"2":{"name":"(anonymous_2)","decl":{"start":{"line":36,"column":39},"end":{"line":36,"column":40}},"loc":{"start":{"line":36,"column":57},"end":{"line":38,"column":9}}},"3":{"name":"(anonymous_3)","decl":{"start":{"line":67,"column":37},"end":{"line":67,"column":38}},"loc":{"start":{"line":67,"column":48},"end":{"line":70,"column":17}}}},"branchMap":{"0":{"loc":{"start":{"line":32,"column":42},"end":{"line":32,"column":54}},"type":"default-arg","locations":[{"start":{"line":32,"column":52},"end":{"line":32,"column":54}}]},"1":{"loc":{"start":{"line":32,"column":56},"end":{"line":32,"column":73}},"type":"default-arg","locations":[{"start":{"line":32,"column":69},"end":{"line":32,"column":73}}]},"2":{"loc":{"start":{"line":46,"column":8},"end":{"line":50,"column":9}},"type":"if","locations":[{"start":{"line":46,"column":8},"end":{"line":50,"column":9}}]},"3":{"loc":{"start":{"line":49,"column":12},"end":{"line":49,"column":47}},"type":"if","locations":[{"start":{"line":49,"column":12},"end":{"line":49,"column":47}}]},"4":{"loc":{"start":{"line":52,"column":32},"end":{"line":52,"column":75}},"type":"binary-expr","locations":[{"start":{"line":52,"column":32},"end":{"line":52,"column":42}},{"start":{"line":52,"column":46},"end":{"line":52,"column":75}}]},"5":{"loc":{"start":{"line":60,"column":8},"end":{"line":72,"column":9}},"type":"if","locations":[{"start":{"line":60,"column":8},"end":{"line":72,"column":9}},{"start":{"line":63,"column":15},"end":{"line":72,"column":9}}]}},"s":{"0":3,"1":3,"2":3,"3":3,"4":1,"5":3,"6":3,"7":3,"8":3,"9":3,"10":3,"11":2,"12":2,"13":2,"14":2,"15":3,"16":3,"17":3,"18":3,"19":3,"20":3,"21":3,"22":3,"23":1,"24":1,"25":2,"26":2},"f":{"0":3,"1":3,"2":1,"3":2},"b":{"0":[0],"1":[3],"2":[2],"3":[2],"4":[3,3],"5":[1,2]}}
,"/home/bugra/Documents/MiniProject/gdal3.js/src/allJsFunctions/application/ogr2ogr.js": {"path":"/home/bugra/Documents/MiniProject/gdal3.js/src/allJsFunctions/application/ogr2ogr.js","statementMap":{"0":{"start":{"line":35,"column":4},"end":{"line":79,"column":7}},"1":{"start":{"line":36,"column":23},"end":{"line":36,"column":42}},"2":{"start":{"line":37,"column":23},"end":{"line":37,"column":36}},"3":{"start":{"line":38,"column":8},"end":{"line":40,"column":11}},"4":{"start":{"line":39,"column":12},"end":{"line":39,"column":57}},"5":{"start":{"line":41,"column":36},"end":{"line":41,"column":97}},"6":{"start":{"line":43,"column":28},"end":{"line":43,"column":59}},"7":{"start":{"line":44,"column":8},"end":{"line":44,"column":73}},"8":{"start":{"line":46,"column":28},"end":{"line":46,"column":53}},"9":{"start":{"line":47,"column":18},"end":{"line":47,"column":27}},"10":{"start":{"line":48,"column":8},"end":{"line":55,"column":9}},"11":{"start":{"line":49,"column":31},"end":{"line":49,"column":51}},"12":{"start":{"line":50,"column":27},"end":{"line":50,"column":53}},"13":{"start":{"line":51,"column":12},"end":{"line":54,"column":13}},"14":{"start":{"line":52,"column":16},"end":{"line":53,"column":44}},"15":{"start":{"line":52,"column":91},"end":{"line":52,"column":103}},"16":{"start":{"line":53,"column":21},"end":{"line":53,"column":44}},"17":{"start":{"line":57,"column":32},"end":{"line":57,"column":75}},"18":{"start":{"line":58,"column":25},"end":{"line":58,"column":66}},"19":{"start":{"line":59,"column":27},"end":{"line":59,"column":119}},"20":{"start":{"line":60,"column":28},"end":{"line":60,"column":62}},"21":{"start":{"line":62,"column":8},"end":{"line":62,"column":74}},"22":{"start":{"line":63,"column":8},"end":{"line":63,"column":29}},"23":{"start":{"line":64,"column":8},"end":{"line":64,"column":44}},"24":{"start":{"line":66,"column":8},"end":{"line":78,"column":9}},"25":{"start":{"line":67,"column":26},"end":{"line":67,"column":40}},"26":{"start":{"line":68,"column":12},"end":{"line":68,"column":26}},"27":{"start":{"line":70,"column":12},"end":{"line":77,"column":15}},"28":{"start":{"line":73,"column":48},"end":{"line":76,"column":17}}},"fnMap":{"0":{"name":"ogr2ogr","decl":{"start":{"line":34,"column":24},"end":{"line":34,"column":31}},"loc":{"start":{"line":34,"column":74},"end":{"line":80,"column":1}}},"1":{"name":"(anonymous_1)","decl":{"start":{"line":35,"column":23},"end":{"line":35,"column":24}},"loc":{"start":{"line":35,"column":44},"end":{"line":79,"column":5}}},"2":{"name":"(anonymous_2)","decl":{"start":{"line":38,"column":39},"end":{"line":38,"column":40}},"loc":{"start":{"line":38,"column":57},"end":{"line":40,"column":9}}},"3":{"name":"(anonymous_3)","decl":{"start":{"line":73,"column":37},"end":{"line":73,"column":38}},"loc":{"start":{"line":73,"column":48},"end":{"line":76,"column":17}}}},"branchMap":{"0":{"loc":{"start":{"line":34,"column":41},"end":{"line":34,"column":53}},"type":"default-arg","locations":[{"start":{"line":34,"column":51},"end":{"line":34,"column":53}}]},"1":{"loc":{"start":{"line":34,"column":55},"end":{"line":34,"column":72}},"type":"default-arg","locations":[{"start":{"line":34,"column":68},"end":{"line":34,"column":72}}]},"2":{"loc":{"start":{"line":48,"column":8},"end":{"line":55,"column":9}},"type":"if","locations":[{"start":{"line":48,"column":8},"end":{"line":55,"column":9}}]},"3":{"loc":{"start":{"line":51,"column":12},"end":{"line":54,"column":13}},"type":"if","locations":[{"start":{"line":51,"column":12},"end":{"line":54,"column":13}}]},"4":{"loc":{"start":{"line":52,"column":16},"end":{"line":53,"column":44}},"type":"if","locations":[{"start":{"line":52,"column":16},"end":{"line":53,"column":44}},{"start":{"line":53,"column":21},"end":{"line":53,"column":44}}]},"5":{"loc":{"start":{"line":52,"column":20},"end":{"line":52,"column":89}},"type":"binary-expr","locations":[{"start":{"line":52,"column":20},"end":{"line":52,"column":49}},{"start":{"line":52,"column":53},"end":{"line":52,"column":89}}]},"6":{"loc":{"start":{"line":57,"column":32},"end":{"line":57,"column":75}},"type":"binary-expr","locations":[{"start":{"line":57,"column":32},"end":{"line":57,"column":42}},{"start":{"line":57,"column":46},"end":{"line":57,"column":75}}]},"7":{"loc":{"start":{"line":66,"column":8},"end":{"line":78,"column":9}},"type":"if","locations":[{"start":{"line":66,"column":8},"end":{"line":78,"column":9}},{"start":{"line":69,"column":15},"end":{"line":78,"column":9}}]}},"s":{"0":232,"1":232,"2":232,"3":232,"4":1,"5":232,"6":232,"7":232,"8":232,"9":232,"10":232,"11":232,"12":232,"13":232,"14":231,"15":5,"16":226,"17":232,"18":232,"19":232,"20":232,"21":232,"22":232,"23":232,"24":232,"25":1,"26":1,"27":231,"28":264},"f":{"0":232,"1":232,"2":1,"3":264},"b":{"0":[0],"1":[232],"2":[232],"3":[231],"4":[5,226],"5":[231,9],"6":[232,232],"7":[1,231]}}
,"/home/bugra/Documents/MiniProject/gdal3.js/src/allJsFunctions/application/ogrinfo.js": {"path":"/home/bugra/Documents/MiniProject/gdal3.js/src/allJsFunctions/application/ogrinfo.js","statementMap":{"0":{"start":{"line":25,"column":4},"end":{"line":43,"column":7}},"1":{"start":{"line":26,"column":23},"end":{"line":26,"column":56}},"2":{"start":{"line":27,"column":23},"end":{"line":27,"column":36}},"3":{"start":{"line":28,"column":8},"end":{"line":30,"column":11}},"4":{"start":{"line":29,"column":12},"end":{"line":29,"column":57}},"5":{"start":{"line":31,"column":35},"end":{"line":31,"column":91}},"6":{"start":{"line":33,"column":25},"end":{"line":33,"column":90}},"7":{"start":{"line":34,"column":8},"end":{"line":34,"column":68}},"8":{"start":{"line":35,"column":8},"end":{"line":35,"column":29}},"9":{"start":{"line":37,"column":8},"end":{"line":42,"column":9}},"10":{"start":{"line":38,"column":26},"end":{"line":38,"column":40}},"11":{"start":{"line":39,"column":12},"end":{"line":39,"column":26}},"12":{"start":{"line":41,"column":12},"end":{"line":41,"column":42}}},"fnMap":{"0":{"name":"ogrinfo","decl":{"start":{"line":24,"column":24},"end":{"line":24,"column":31}},"loc":{"start":{"line":24,"column":55},"end":{"line":44,"column":1}}},"1":{"name":"(anonymous_1)","decl":{"start":{"line":25,"column":23},"end":{"line":25,"column":24}},"loc":{"start":{"line":25,"column":44},"end":{"line":43,"column":5}}},"2":{"name":"(anonymous_2)","decl":{"start":{"line":28,"column":39},"end":{"line":28,"column":40}},"loc":{"start":{"line":28,"column":57},"end":{"line":30,"column":9}}}},"branchMap":{"0":{"loc":{"start":{"line":24,"column":41},"end":{"line":24,"column":53}},"type":"default-arg","locations":[{"start":{"line":24,"column":51},"end":{"line":24,"column":53}}]},"1":{"loc":{"start":{"line":37,"column":8},"end":{"line":42,"column":9}},"type":"if","locations":[{"start":{"line":37,"column":8},"end":{"line":42,"column":9}},{"start":{"line":40,"column":15},"end":{"line":42,"column":9}}]}},"s":{"0":355,"1":355,"2":355,"3":355,"4":0,"5":355,"6":355,"7":355,"8":355,"9":355,"10":0,"11":0,"12":355},"f":{"0":355,"1":355,"2":0},"b":{"0":[355],"1":[0,355]}}
,"/home/bugra/Documents/MiniProject/gdal3.js/src/allJsFunctions/function/close.js": {"path":"/home/bugra/Documents/MiniProject/gdal3.js/src/allJsFunctions/function/close.js","statementMap":{"0":{"start":{"line":17,"column":4},"end":{"line":20,"column":7}},"1":{"start":{"line":18,"column":8},"end":{"line":18,"column":49}},"2":{"start":{"line":19,"column":8},"end":{"line":19,"column":18}}},"fnMap":{"0":{"name":"close","decl":{"start":{"line":16,"column":24},"end":{"line":16,"column":29}},"loc":{"start":{"line":16,"column":39},"end":{"line":21,"column":1}}},"1":{"name":"(anonymous_1)","decl":{"start":{"line":17,"column":23},"end":{"line":17,"column":24}},"loc":{"start":{"line":17,"column":36},"end":{"line":20,"column":5}}}},"branchMap":{},"s":{"0":1,"1":1,"2":1},"f":{"0":1,"1":1},"b":{}}
,"/home/bugra/Documents/MiniProject/gdal3.js/src/allJsFunctions/function/getFileBytes.js": {"path":"/home/bugra/Documents/MiniProject/gdal3.js/src/allJsFunctions/function/getFileBytes.js","statementMap":{"0":{"start":{"line":28,"column":4},"end":{"line":43,"column":7}},"1":{"start":{"line":30,"column":8},"end":{"line":33,"column":9}},"2":{"start":{"line":31,"column":12},"end":{"line":31,"column":38}},"3":{"start":{"line":32,"column":12},"end":{"line":32,"column":19}},"4":{"start":{"line":35,"column":8},"end":{"line":39,"column":9}},"5":{"start":{"line":36,"column":12},"end":{"line":36,"column":34}},"6":{"start":{"line":38,"column":12},"end":{"line":38,"column":28}},"7":{"start":{"line":41,"column":22},"end":{"line":41,"column":84}},"8":{"start":{"line":42,"column":8},"end":{"line":42,"column":23}}},"fnMap":{"0":{"name":"getFileBytes","decl":{"start":{"line":27,"column":24},"end":{"line":27,"column":36}},"loc":{"start":{"line":27,"column":47},"end":{"line":44,"column":1}}},"1":{"name":"(anonymous_1)","decl":{"start":{"line":28,"column":23},"end":{"line":28,"column":24}},"loc":{"start":{"line":28,"column":36},"end":{"line":43,"column":5}}}},"branchMap":{"0":{"loc":{"start":{"line":30,"column":8},"end":{"line":33,"column":9}},"type":"if","locations":[{"start":{"line":30,"column":8},"end":{"line":33,"column":9}}]},"1":{"loc":{"start":{"line":35,"column":8},"end":{"line":39,"column":9}},"type":"if","locations":[{"start":{"line":35,"column":8},"end":{"line":39,"column":9}},{"start":{"line":37,"column":15},"end":{"line":39,"column":9}}]}},"s":{"0":4,"1":4,"2":1,"3":1,"4":3,"5":2,"6":1,"7":3,"8":3},"f":{"0":4,"1":4},"b":{"0":[1],"1":[2,1]}}
,"/home/bugra/Documents/MiniProject/gdal3.js/src/allJsFunctions/function/getInfo.js": {"path":"/home/bugra/Documents/MiniProject/gdal3.js/src/allJsFunctions/function/getInfo.js","statementMap":{"0":{"start":{"line":70,"column":4},"end":{"line":138,"column":7}},"1":{"start":{"line":71,"column":26},"end":{"line":71,"column":75}},"2":{"start":{"line":72,"column":27},"end":{"line":72,"column":82}},"3":{"start":{"line":73,"column":8},"end":{"line":137,"column":9}},"4":{"start":{"line":74,"column":25},"end":{"line":74,"column":74}},"5":{"start":{"line":75,"column":25},"end":{"line":75,"column":74}},"6":{"start":{"line":76,"column":27},"end":{"line":76,"column":78}},"7":{"start":{"line":77,"column":31},"end":{"line":77,"column":95}},"8":{"start":{"line":78,"column":12},"end":{"line":78,"column":75}},"9":{"start":{"line":79,"column":33},"end":{"line":82,"column":13}},"10":{"start":{"line":83,"column":28},"end":{"line":88,"column":13}},"11":{"start":{"line":89,"column":31},"end":{"line":96,"column":14}},"12":{"start":{"line":90,"column":26},"end":{"line":90,"column":35}},"13":{"start":{"line":91,"column":26},"end":{"line":91,"column":35}},"14":{"start":{"line":92,"column":16},"end":{"line":95,"column":18}},"15":{"start":{"line":97,"column":30},"end":{"line":97,"column":81}},"16":{"start":{"line":98,"column":31},"end":{"line":98,"column":77}},"17":{"start":{"line":99,"column":27},"end":{"line":99,"column":72}},"18":{"start":{"line":100,"column":12},"end":{"line":110,"column":17}},"19":{"start":{"line":114,"column":27},"end":{"line":114,"column":29}},"20":{"start":{"line":115,"column":12},"end":{"line":123,"column":13}},"21":{"start":{"line":115,"column":25},"end":{"line":115,"column":26}},"22":{"start":{"line":116,"column":33},"end":{"line":116,"column":82}},"23":{"start":{"line":117,"column":34},"end":{"line":117,"column":71}},"24":{"start":{"line":118,"column":37},"end":{"line":118,"column":85}},"25":{"start":{"line":119,"column":16},"end":{"line":122,"column":19}},"26":{"start":{"line":124,"column":33},"end":{"line":124,"column":91}},"27":{"start":{"line":124,"column":63},"end":{"line":124,"column":87}},"28":{"start":{"line":126,"column":27},"end":{"line":126,"column":72}},"29":{"start":{"line":127,"column":30},"end":{"line":127,"column":81}},"30":{"start":{"line":128,"column":31},"end":{"line":128,"column":77}},"31":{"start":{"line":129,"column":12},"end":{"line":136,"column":15}}},"fnMap":{"0":{"name":"getInfo","decl":{"start":{"line":69,"column":24},"end":{"line":69,"column":31}},"loc":{"start":{"line":69,"column":41},"end":{"line":139,"column":1}}},"1":{"name":"(anonymous_1)","decl":{"start":{"line":70,"column":23},"end":{"line":70,"column":24}},"loc":{"start":{"line":70,"column":36},"end":{"line":138,"column":5}}},"2":{"name":"(anonymous_2)","decl":{"start":{"line":89,"column":43},"end":{"line":89,"column":44}},"loc":{"start":{"line":89,"column":55},"end":{"line":96,"column":13}}},"3":{"name":"(anonymous_3)","decl":{"start":{"line":124,"column":47},"end":{"line":124,"column":48}},"loc":{"start":{"line":124,"column":63},"end":{"line":124,"column":87}}}},"branchMap":{"0":{"loc":{"start":{"line":73,"column":8},"end":{"line":137,"column":9}},"type":"if","locations":[{"start":{"line":73,"column":8},"end":{"line":137,"column":9}},{"start":{"line":111,"column":15},"end":{"line":137,"column":9}}]},"1":{"loc":{"start":{"line":73,"column":12},"end":{"line":73,"column":45}},"type":"binary-expr","locations":[{"start":{"line":73,"column":12},"end":{"line":73,"column":25}},{"start":{"line":73,"column":29},"end":{"line":73,"column":45}}]}},"s":{"0":361,"1":361,"2":361,"3":361,"4":127,"5":127,"6":127,"7":127,"8":127,"9":127,"10":127,"11":127,"12":508,"13":508,"14":508,"15":127,"16":127,"17":127,"18":127,"19":234,"20":234,"21":234,"22":250,"23":250,"24":250,"25":250,"26":234,"27":250,"28":234,"29":234,"30":234,"31":234},"f":{"0":361,"1":361,"2":508,"3":250},"b":{"0":[127,234],"1":[361,130]}}
,"/home/bugra/Documents/MiniProject/gdal3.js/src/allJsFunctions/function/getOutputFiles.js": {"path":"/home/bugra/Documents/MiniProject/gdal3.js/src/allJsFunctions/function/getOutputFiles.js","statementMap":{"0":{"start":{"line":16,"column":4},"end":{"line":19,"column":7}},"1":{"start":{"line":17,"column":22},"end":{"line":17,"column":35}},"2":{"start":{"line":18,"column":8},"end":{"line":18,"column":23}}},"fnMap":{"0":{"name":"getOutputFiles","decl":{"start":{"line":15,"column":24},"end":{"line":15,"column":38}},"loc":{"start":{"line":15,"column":41},"end":{"line":20,"column":1}}},"1":{"name":"(anonymous_1)","decl":{"start":{"line":16,"column":23},"end":{"line":16,"column":24}},"loc":{"start":{"line":16,"column":36},"end":{"line":19,"column":5}}}},"branchMap":{},"s":{"0":1,"1":1,"2":1},"f":{"0":1,"1":1},"b":{}}
,"/home/bugra/Documents/MiniProject/gdal3.js/src/allJsFunctions/function/open.js": {"path":"/home/bugra/Documents/MiniProject/gdal3.js/src/allJsFunctions/function/open.js","statementMap":{"0":{"start":{"line":62,"column":16},"end":{"line":62,"column":27}},"1":{"start":{"line":63,"column":19},"end":{"line":63,"column":42}},"2":{"start":{"line":64,"column":4},"end":{"line":66,"column":5}},"3":{"start":{"line":65,"column":8},"end":{"line":65,"column":24}},"4":{"start":{"line":68,"column":4},"end":{"line":149,"column":7}},"5":{"start":{"line":69,"column":30},"end":{"line":69,"column":32}},"6":{"start":{"line":70,"column":30},"end":{"line":70,"column":32}},"7":{"start":{"line":71,"column":8},"end":{"line":79,"column":11}},"8":{"start":{"line":72,"column":12},"end":{"line":78,"column":13}},"9":{"start":{"line":75,"column":16},"end":{"line":75,"column":152}},"10":{"start":{"line":77,"column":16},"end":{"line":77,"column":41}},"11":{"start":{"line":80,"column":8},"end":{"line":148,"column":11}},"12":{"start":{"line":81,"column":33},"end":{"line":81,"column":76}},"13":{"start":{"line":82,"column":27},"end":{"line":82,"column":29}},"14":{"start":{"line":83,"column":12},"end":{"line":83,"column":42}},"15":{"start":{"line":84,"column":33},"end":{"line":84,"column":35}},"16":{"start":{"line":85,"column":29},"end":{"line":85,"column":31}},"17":{"start":{"line":86,"column":12},"end":{"line":133,"column":13}},"18":{"start":{"line":86,"column":25},"end":{"line":86,"column":26}},"19":{"start":{"line":87,"column":29},"end":{"line":87,"column":49}},"20":{"start":{"line":88,"column":29},"end":{"line":88,"column":50}},"21":{"start":{"line":90,"column":16},"end":{"line":90,"column":65}},"22":{"start":{"line":90,"column":41},"end":{"line":90,"column":65}},"23":{"start":{"line":91,"column":16},"end":{"line":91,"column":57}},"24":{"start":{"line":91,"column":48},"end":{"line":91,"column":57}},"25":{"start":{"line":92,"column":16},"end":{"line":92,"column":47}},"26":{"start":{"line":93,"column":38},"end":{"line":93,"column":107}},"27":{"start":{"line":94,"column":35},"end":{"line":94,"column":73}},"28":{"start":{"line":95,"column":16},"end":{"line":95,"column":113}},"29":{"start":{"line":95,"column":46},"end":{"line":95,"column":113}},"30":{"start":{"line":97,"column":35},"end":{"line":97,"column":103}},"31":{"start":{"line":98,"column":16},"end":{"line":103,"column":17}},"32":{"start":{"line":99,"column":34},"end":{"line":99,"column":48}},"33":{"start":{"line":100,"column":20},"end":{"line":100,"column":39}},"34":{"start":{"line":101,"column":20},"end":{"line":101,"column":46}},"35":{"start":{"line":102,"column":20},"end":{"line":102,"column":29}},"36":{"start":{"line":104,"column":16},"end":{"line":104,"column":56}},"37":{"start":{"line":106,"column":38},"end":{"line":115,"column":17}},"38":{"start":{"line":107,"column":38},"end":{"line":107,"column":82}},"39":{"start":{"line":108,"column":39},"end":{"line":108,"column":89}},"40":{"start":{"line":110,"column":20},"end":{"line":114,"column":21}},"41":{"start":{"line":111,"column":24},"end":{"line":111,"column":59}},"42":{"start":{"line":113,"column":24},"end":{"line":113,"column":59}},"43":{"start":{"line":117,"column":36},"end":{"line":131,"column":47}},"44":{"start":{"line":118,"column":20},"end":{"line":129,"column":21}},"45":{"start":{"line":119,"column":40},"end":{"line":119,"column":116}},"46":{"start":{"line":120,"column":24},"end":{"line":120,"column":105}},"47":{"start":{"line":121,"column":24},"end":{"line":125,"column":25}},"48":{"start":{"line":122,"column":28},"end":{"line":124,"column":31}},"49":{"start":{"line":123,"column":32},"end":{"line":123,"column":69}},"50":{"start":{"line":126,"column":24},"end":{"line":126,"column":55}},"51":{"start":{"line":128,"column":24},"end":{"line":128,"column":40}},"52":{"start":{"line":130,"column":20},"end":{"line":130,"column":32}},"53":{"start":{"line":131,"column":31},"end":{"line":131,"column":46}},"54":{"start":{"line":132,"column":16},"end":{"line":132,"column":43}},"55":{"start":{"line":135,"column":12},"end":{"line":135,"column":33}},"56":{"start":{"line":137,"column":12},"end":{"line":147,"column":15}},"57":{"start":{"line":138,"column":33},"end":{"line":138,"column":60}},"58":{"start":{"line":142,"column":16},"end":{"line":146,"column":17}},"59":{"start":{"line":143,"column":20},"end":{"line":143,"column":50}},"60":{"start":{"line":145,"column":20},"end":{"line":145,"column":35}}},"fnMap":{"0":{"name":"open","decl":{"start":{"line":61,"column":24},"end":{"line":61,"column":28}},"loc":{"start":{"line":61,"column":78},"end":{"line":150,"column":1}}},"1":{"name":"(anonymous_1)","decl":{"start":{"line":68,"column":23},"end":{"line":68,"column":24}},"loc":{"start":{"line":68,"column":44},"end":{"line":149,"column":5}}},"2":{"name":"(anonymous_2)","decl":{"start":{"line":71,"column":27},"end":{"line":71,"column":28}},"loc":{"start":{"line":71,"column":37},"end":{"line":79,"column":9}}},"3":{"name":"(anonymous_3)","decl":{"start":{"line":80,"column":34},"end":{"line":80,"column":35}},"loc":{"start":{"line":80,"column":60},"end":{"line":148,"column":9}}},"4":{"name":"(anonymous_4)","decl":{"start":{"line":106,"column":38},"end":{"line":106,"column":39}},"loc":{"start":{"line":106,"column":44},"end":{"line":115,"column":17}}},"5":{"name":"(anonymous_5)","decl":{"start":{"line":117,"column":70},"end":{"line":117,"column":71}},"loc":{"start":{"line":117,"column":80},"end":{"line":131,"column":17}}},"6":{"name":"(anonymous_6)","decl":{"start":{"line":122,"column":68},"end":{"line":122,"column":69}},"loc":{"start":{"line":122,"column":84},"end":{"line":124,"column":29}}},"7":{"name":"(anonymous_7)","decl":{"start":{"line":131,"column":25},"end":{"line":131,"column":26}},"loc":{"start":{"line":131,"column":31},"end":{"line":131,"column":46}}},"8":{"name":"(anonymous_8)","decl":{"start":{"line":137,"column":46},"end":{"line":137,"column":47}},"loc":{"start":{"line":137,"column":52},"end":{"line":147,"column":13}}}},"branchMap":{"0":{"loc":{"start":{"line":61,"column":42},"end":{"line":61,"column":58}},"type":"default-arg","locations":[{"start":{"line":61,"column":56},"end":{"line":61,"column":58}}]},"1":{"loc":{"start":{"line":61,"column":60},"end":{"line":61,"column":76}},"type":"default-arg","locations":[{"start":{"line":61,"column":74},"end":{"line":61,"column":76}}]},"2":{"loc":{"start":{"line":64,"column":4},"end":{"line":66,"column":5}},"type":"if","locations":[{"start":{"line":64,"column":4},"end":{"line":66,"column":5}}]},"3":{"loc":{"start":{"line":64,"column":10},"end":{"line":64,"column":95}},"type":"binary-expr","locations":[{"start":{"line":64,"column":10},"end":{"line":64,"column":30}},{"start":{"line":64,"column":35},"end":{"line":64,"column":65}},{"start":{"line":64,"column":69},"end":{"line":64,"column":94}}]},"4":{"loc":{"start":{"line":72,"column":12},"end":{"line":78,"column":13}},"type":"if","locations":[{"start":{"line":72,"column":12},"end":{"line":78,"column":13}},{"start":{"line":76,"column":19},"end":{"line":78,"column":13}}]},"5":{"loc":{"start":{"line":72,"column":16},"end":{"line":74,"column":13}},"type":"binary-expr","locations":[{"start":{"line":72,"column":17},"end":{"line":72,"column":41}},{"start":{"line":72,"column":45},"end":{"line":72,"column":67}},{"start":{"line":73,"column":16},"end":{"line":73,"column":75}},{"start":{"line":73,"column":79},"end":{"line":73,"column":140}}]},"6":{"loc":{"start":{"line":90,"column":16},"end":{"line":90,"column":65}},"type":"if","locations":[{"start":{"line":90,"column":16},"end":{"line":90,"column":65}}]},"7":{"loc":{"start":{"line":91,"column":16},"end":{"line":91,"column":57}},"type":"if","locations":[{"start":{"line":91,"column":16},"end":{"line":91,"column":57}}]},"8":{"loc":{"start":{"line":93,"column":38},"end":{"line":93,"column":107}},"type":"cond-expr","locations":[{"start":{"line":93,"column":74},"end":{"line":93,"column":102}},{"start":{"line":93,"column":105},"end":{"line":93,"column":107}}]},"9":{"loc":{"start":{"line":93,"column":38},"end":{"line":93,"column":71}},"type":"binary-expr","locations":[{"start":{"line":93,"column":38},"end":{"line":93,"column":49}},{"start":{"line":93,"column":53},"end":{"line":93,"column":71}}]},"10":{"loc":{"start":{"line":95,"column":16},"end":{"line":95,"column":113}},"type":"if","locations":[{"start":{"line":95,"column":16},"end":{"line":95,"column":113}}]},"11":{"loc":{"start":{"line":98,"column":16},"end":{"line":103,"column":17}},"type":"if","locations":[{"start":{"line":98,"column":16},"end":{"line":103,"column":17}}]},"12":{"loc":{"start":{"line":110,"column":20},"end":{"line":114,"column":21}},"type":"if","locations":[{"start":{"line":110,"column":20},"end":{"line":114,"column":21}},{"start":{"line":112,"column":27},"end":{"line":114,"column":21}}]},"13":{"loc":{"start":{"line":110,"column":24},"end":{"line":110,"column":57}},"type":"binary-expr","locations":[{"start":{"line":110,"column":24},"end":{"line":110,"column":37}},{"start":{"line":110,"column":41},"end":{"line":110,"column":57}}]},"14":{"loc":{"start":{"line":118,"column":20},"end":{"line":129,"column":21}},"type":"if","locations":[{"start":{"line":118,"column":20},"end":{"line":129,"column":21}},{"start":{"line":127,"column":27},"end":{"line":129,"column":21}}]},"15":{"loc":{"start":{"line":118,"column":24},"end":{"line":118,"column":42}},"type":"binary-expr","locations":[{"start":{"line":118,"column":24},"end":{"line":118,"column":28}},{"start":{"line":118,"column":32},"end":{"line":118,"column":42}}]},"16":{"loc":{"start":{"line":119,"column":40},"end":{"line":119,"column":116}},"type":"binary-expr","locations":[{"start":{"line":119,"column":40},"end":{"line":119,"column":49}},{"start":{"line":119,"column":53},"end":{"line":119,"column":74}},{"start":{"line":119,"column":79},"end":{"line":119,"column":95}},{"start":{"line":119,"column":99},"end":{"line":119,"column":115}}]},"17":{"loc":{"start":{"line":120,"column":50},"end":{"line":120,"column":104}},"type":"cond-expr","locations":[{"start":{"line":120,"column":85},"end":{"line":120,"column":93}},{"start":{"line":120,"column":96},"end":{"line":120,"column":104}}]},"18":{"loc":{"start":{"line":120,"column":50},"end":{"line":120,"column":82}},"type":"binary-expr","locations":[{"start":{"line":120,"column":50},"end":{"line":120,"column":71}},{"start":{"line":120,"column":75},"end":{"line":120,"column":82}}]},"19":{"loc":{"start":{"line":121,"column":24},"end":{"line":125,"column":25}},"type":"if","locations":[{"start":{"line":121,"column":24},"end":{"line":125,"column":25}}]},"20":{"loc":{"start":{"line":142,"column":16},"end":{"line":146,"column":17}},"type":"if","locations":[{"start":{"line":142,"column":16},"end":{"line":146,"column":17}},{"start":{"line":144,"column":23},"end":{"line":146,"column":17}}]},"21":{"loc":{"start":{"line":142,"column":20},"end":{"line":142,"column":62}},"type":"binary-expr","locations":[{"start":{"line":142,"column":20},"end":{"line":142,"column":39}},{"start":{"line":142,"column":43},"end":{"line":142,"column":62}}]}},"s":{"0":608,"1":608,"2":608,"3":607,"4":608,"5":608,"6":608,"7":608,"8":609,"9":2,"10":607,"11":608,"12":608,"13":608,"14":608,"15":608,"16":608,"17":608,"18":608,"19":609,"20":609,"21":609,"22":608,"23":609,"24":1,"25":608,"26":608,"27":608,"28":608,"29":2,"30":608,"31":608,"32":2,"33":2,"34":2,"35":2,"36":606,"37":606,"38":0,"39":0,"40":0,"41":0,"42":0,"43":606,"44":606,"45":606,"46":606,"47":606,"48":354,"49":354,"50":252,"51":0,"52":252,"53":0,"54":606,"55":608,"56":608,"57":608,"58":608,"59":606,"60":2},"f":{"0":608,"1":608,"2":609,"3":608,"4":0,"5":606,"6":354,"7":0,"8":608},"b":{"0":[607],"1":[608],"2":[607],"3":[608,607,0],"4":[2,607],"5":[609,0,609,609],"6":[608],"7":[1],"8":[0,608],"9":[608,608],"10":[2],"11":[2],"12":[0,0],"13":[0,0],"14":[606,0],"15":[606,606],"16":[606,606,606,0],"17":[252,354],"18":[606,252],"19":[354],"20":[606,2],"21":[608,2]}}
}
